2025-03-03 16:49:20,939 [INFO ]  Application : Configuration files in  ~/.myapp/config
2025-03-03 16:49:21,478 [INFO ]  Influx : Class Influx initialized
2025-03-03 16:49:21,480 [INFO ]  PlugMaster : myapp : Plugin Influx loaded
2025-03-03 16:49:21,558 [INFO ]  PahoMqtt : Class PahoMqtt initialized
2025-03-03 16:49:21,560 [INFO ]  PlugMaster : myapp : Plugin PahoMqtt loaded
2025-03-03 16:49:21,566 [INFO ]  HelloWorld : Class HelloWorld initialized
2025-03-03 16:49:21,567 [INFO ]  PlugMaster : myapp : Plugin HelloWorld loaded
2025-03-03 16:49:21,582 [INFO ]  XMLFormat : Class XMLFormat initialized
2025-03-03 16:49:21,583 [INFO ]  PlugMaster : myapp : Plugin XMLFormat loaded
2025-03-03 16:49:21,626 [INFO ]  YamlFormat : Class YamlFormat initialized
2025-03-03 16:49:21,628 [INFO ]  PlugMaster : myapp : Plugin YamlFormat loaded
2025-03-03 16:49:21,629 [INFO ]  Application : Loading configuration using JsonFormat
2025-03-03 16:49:21,657 [ERROR]  Application : Error reading C:\Users\juham\.myapp\config\MasterPiece.json, Expecting value: line 1 column 12 (char 11)
2025-03-03 16:49:21,660 [INFO ]  Application : Configuration file C:\Users\juham\.myapp\config\Composite.json loaded
2025-03-03 16:49:21,664 [INFO ]  Application : Configuration file C:\Users\juham\.myapp\config\PlugMaster.json loaded
2025-03-03 16:49:21,672 [INFO ]  Application : Configuration file C:\Users\juham\.myapp\config\Application.json loaded
2025-03-03 16:49:21,675 [INFO ]  Application : Configuration file C:\Users\juham\.myapp\config\JsonFormat.json loaded
2025-03-03 16:49:21,684 [INFO ]  Application : Configuration file C:\Users\juham\.myapp\config\MasterPieceThread.json loaded
2025-03-03 16:49:21,694 [INFO ]  Application : Configuration file C:\Users\juham\.myapp\config\TimeSeries.json loaded
2025-03-03 16:49:21,695 [ERROR]  Application : Error reading C:\Users\juham\.myapp\config\MyApp.json, [Errno 2] No such file or directory: 'C:\\Users\\juham\\.myapp\\config\\MyApp.json'
2025-03-03 16:49:21,699 [INFO ]  Application : Configuration file C:\Users\juham\.myapp\config\Influx.json loaded
2025-03-03 16:49:21,710 [ERROR]  Application : Error reading C:\Users\juham\.myapp\config\PahoMqtt.json, Expecting value: line 1 column 35 (char 34)
2025-03-03 16:49:21,711 [ERROR]  Application : Error reading C:\Users\juham\.myapp\config\HelloWorld.json, [Errno 2] No such file or directory: 'C:\\Users\\juham\\.myapp\\config\\HelloWorld.json'
2025-03-03 16:49:21,712 [ERROR]  Application : Error reading C:\Users\juham\.myapp\config\XMLFormat.json, [Errno 2] No such file or directory: 'C:\\Users\\juham\\.myapp\\config\\XMLFormat.json'
2025-03-03 16:49:21,713 [ERROR]  Application : Error reading C:\Users\juham\.myapp\config\YamlFormat.json, [Errno 2] No such file or directory: 'C:\\Users\\juham\\.myapp\\config\\YamlFormat.json'
2025-03-03 16:49:21,714 [INFO ]  PlugMaster : myapp : Class Influx imported to home
2025-03-03 16:49:21,715 [INFO ]  PlugMaster : myapp : Class PahoMqtt imported to home
2025-03-03 16:49:21,716 [INFO ]  HelloWorld : noname : Hello world plugin loaded but NOT installed into home
2025-03-03 16:49:21,717 [INFO ]  PlugMaster : myapp : Plugin HelloWorld noname:<class 'masterpiece_plugin.hello_world.HelloWorld'> added to home
2025-03-03 16:49:21,718 [INFO ]  PlugMaster : myapp : Class XMLFormat imported to home
2025-03-03 16:49:21,719 [INFO ]  PlugMaster : myapp : Class YamlFormat imported to home
2025-03-03 16:49:21,720 [INFO ]  PlugMaster : myapp : Class Influx imported to home
2025-03-03 16:49:21,726 [INFO ]  PlugMaster : myapp : Class PahoMqtt imported to home
2025-03-03 16:49:21,727 [INFO ]  HelloWorld : noname : Hello world plugin loaded but NOT installed into home
2025-03-03 16:49:21,728 [INFO ]  PlugMaster : myapp : Plugin HelloWorld noname:<class 'masterpiece_plugin.hello_world.HelloWorld'> added to home
2025-03-03 16:49:21,728 [INFO ]  PlugMaster : myapp : Class XMLFormat imported to home
2025-03-03 16:49:21,729 [INFO ]  PlugMaster : myapp : Class YamlFormat imported to home
2025-03-03 16:49:21,730 [WARNI]  MyApp : home : No deserialization this time, --serialization_file not specified
2025-03-03 16:49:21,731 [INFO ]  MyApp : home : Starting up 0 grid
2025-03-03 16:49:21,733 [INFO ]  MyApp : home : Starting up 1 downstairs
2025-03-03 16:49:21,734 [INFO ]  Composite : downstairs : Starting up 0 kitchen
2025-03-03 16:49:21,734 [INFO ]  Composite : kitchen : Starting up 0 oven
2025-03-03 16:49:21,735 [INFO ]  Composite : kitchen : Starting up 1 fridge
2025-03-03 16:49:21,736 [INFO ]  Composite : kitchen : All 2 children successfully started
2025-03-03 16:49:21,737 [INFO ]  Composite : kitchen : Shutting down children
2025-03-03 16:49:21,742 [INFO ]  Composite : kitchen : Shutting down thread 0 oven
2025-03-03 16:49:21,743 [INFO ]  Composite : kitchen : Shutting down thread 1 fridge
2025-03-03 16:49:21,744 [INFO ]  Composite : kitchen : All 2 children successfully shut down
2025-03-03 16:49:21,745 [INFO ]  Composite : downstairs : All 1 children successfully started
2025-03-03 16:49:21,746 [INFO ]  Composite : downstairs : Shutting down children
2025-03-03 16:49:21,747 [INFO ]  Composite : downstairs : Shutting down thread 0 kitchen
2025-03-03 16:49:21,747 [INFO ]  Composite : kitchen : Shutting down children
2025-03-03 16:49:21,748 [INFO ]  Composite : kitchen : Shutting down thread 0 oven
2025-03-03 16:49:21,749 [INFO ]  Composite : kitchen : Shutting down thread 1 fridge
2025-03-03 16:49:21,750 [INFO ]  Composite : kitchen : All 2 children successfully shut down
2025-03-03 16:49:21,751 [INFO ]  Composite : downstairs : All 1 children successfully shut down
2025-03-03 16:49:21,752 [INFO ]  MyApp : home : Starting up 2 garage
2025-03-03 16:49:21,753 [INFO ]  Composite : garage : Starting up 0 EV charger
2025-03-03 16:49:21,755 [INFO ]  Composite : garage : All 1 children successfully started
2025-03-03 16:49:21,759 [INFO ]  Composite : garage : Shutting down children
2025-03-03 16:49:21,760 [INFO ]  Composite : garage : Shutting down thread 0 EV charger
2025-03-03 16:49:21,760 [INFO ]  Composite : garage : All 1 children successfully shut down
2025-03-03 16:49:21,762 [INFO ]  MyApp : home : All 3 children successfully started
2025-03-03 16:49:21,763 [INFO ]  MyApp : home : Shutting down children
2025-03-03 16:49:21,763 [INFO ]  MyApp : home : Shutting down thread 0 grid
2025-03-03 16:49:21,764 [INFO ]  MyApp : home : Shutting down thread 1 downstairs
2025-03-03 16:49:21,765 [INFO ]  Composite : downstairs : Shutting down children
2025-03-03 16:49:21,766 [INFO ]  Composite : downstairs : Shutting down thread 0 kitchen
2025-03-03 16:49:21,766 [INFO ]  Composite : kitchen : Shutting down children
2025-03-03 16:49:21,767 [INFO ]  Composite : kitchen : Shutting down thread 0 oven
2025-03-03 16:49:21,767 [INFO ]  Composite : kitchen : Shutting down thread 1 fridge
2025-03-03 16:49:21,769 [INFO ]  Composite : kitchen : All 2 children successfully shut down
2025-03-03 16:49:21,771 [INFO ]  Composite : downstairs : All 1 children successfully shut down
2025-03-03 16:49:21,775 [INFO ]  MyApp : home : Shutting down thread 2 garage
2025-03-03 16:49:21,776 [INFO ]  Composite : garage : Shutting down children
2025-03-03 16:49:21,776 [INFO ]  Composite : garage : Shutting down thread 0 EV charger
2025-03-03 16:49:21,777 [INFO ]  Composite : garage : All 1 children successfully shut down
2025-03-03 16:49:21,778 [INFO ]  MyApp : home : All 3 children successfully shut down
2025-03-03 16:49:21,792 [WARNI]  MyApp : home : No serialization this time, --serialization_file not set
