2025-03-03 16:48:42,831 [INFO ]  Application : Configuration files in  ~/.myhome/config
2025-03-03 16:48:50,325 [INFO ]  Influx : Class Influx initialized
2025-03-03 16:48:50,327 [INFO ]  PlugMaster : myhome : Plugin Influx loaded
2025-03-03 16:48:50,647 [INFO ]  PahoMqtt : Class PahoMqtt initialized
2025-03-03 16:48:50,650 [INFO ]  PlugMaster : myhome : Plugin PahoMqtt loaded
2025-03-03 16:48:50,656 [INFO ]  HelloWorld : Class HelloWorld initialized
2025-03-03 16:48:50,656 [INFO ]  PlugMaster : myhome : Plugin HelloWorld loaded
2025-03-03 16:48:50,771 [INFO ]  XMLFormat : Class XMLFormat initialized
2025-03-03 16:48:50,773 [INFO ]  PlugMaster : myhome : Plugin XMLFormat loaded
2025-03-03 16:48:50,974 [INFO ]  YamlFormat : Class YamlFormat initialized
2025-03-03 16:48:50,980 [INFO ]  PlugMaster : myhome : Plugin YamlFormat loaded
2025-03-03 16:48:50,980 [INFO ]  Application : Loading configuration using JsonFormat
2025-03-03 16:48:51,007 [INFO ]  Application : Configuration file C:\Users\juham\.myhome\config\MasterPiece.json loaded
2025-03-03 16:48:51,010 [INFO ]  Application : Configuration file C:\Users\juham\.myhome\config\Composite.json loaded
2025-03-03 16:48:51,013 [INFO ]  Application : Configuration file C:\Users\juham\.myhome\config\PlugMaster.json loaded
2025-03-03 16:48:51,023 [INFO ]  Application : Configuration file C:\Users\juham\.myhome\config\Application.json loaded
2025-03-03 16:48:51,026 [INFO ]  Application : Configuration file C:\Users\juham\.myhome\config\JsonFormat.json loaded
2025-03-03 16:48:51,027 [ERROR]  Application : Error reading C:\Users\juham\.myhome\config\MasterPieceThread.json, [Errno 2] No such file or directory: 'C:\\Users\\juham\\.myhome\\config\\MasterPieceThread.json'
2025-03-03 16:48:51,038 [INFO ]  Application : Configuration file C:\Users\juham\.myhome\config\TimeSeries.json loaded
2025-03-03 16:48:51,040 [ERROR]  Application : Error reading C:\Users\juham\.myhome\config\MyApp.json, [Errno 2] No such file or directory: 'C:\\Users\\juham\\.myhome\\config\\MyApp.json'
2025-03-03 16:48:51,042 [INFO ]  Application : Configuration file C:\Users\juham\.myhome\config\Influx.json loaded
2025-03-03 16:48:51,044 [ERROR]  Application : Error reading C:\Users\juham\.myhome\config\PahoMqtt.json, [Errno 2] No such file or directory: 'C:\\Users\\juham\\.myhome\\config\\PahoMqtt.json'
2025-03-03 16:48:51,048 [INFO ]  Application : Configuration file C:\Users\juham\.myhome\config\HelloWorld.json loaded
2025-03-03 16:48:51,050 [INFO ]  Application : Configuration file C:\Users\juham\.myhome\config\XMLFormat.json loaded
2025-03-03 16:48:51,052 [INFO ]  Application : Configuration file C:\Users\juham\.myhome\config\YamlFormat.json loaded
2025-03-03 16:48:51,053 [INFO ]  PlugMaster : myhome : Class Influx imported to home
2025-03-03 16:48:51,054 [INFO ]  PlugMaster : myhome : Class PahoMqtt imported to home
2025-03-03 16:48:51,054 [INFO ]  HelloWorld : noname : Hello world plugin loaded but NOT installed into home
2025-03-03 16:48:51,055 [INFO ]  PlugMaster : myhome : Plugin HelloWorld noname:<class 'masterpiece_plugin.hello_world.HelloWorld'> added to home
2025-03-03 16:48:51,056 [INFO ]  PlugMaster : myhome : Class XMLFormat imported to home
2025-03-03 16:48:51,059 [INFO ]  PlugMaster : myhome : Class YamlFormat imported to home
2025-03-03 16:48:51,063 [INFO ]  PlugMaster : myhome : Class Influx imported to home
2025-03-03 16:48:51,064 [INFO ]  PlugMaster : myhome : Class PahoMqtt imported to home
2025-03-03 16:48:51,065 [INFO ]  HelloWorld : noname : Hello world plugin loaded but NOT installed into home
2025-03-03 16:48:51,065 [INFO ]  PlugMaster : myhome : Plugin HelloWorld noname:<class 'masterpiece_plugin.hello_world.HelloWorld'> added to home
2025-03-03 16:48:51,067 [INFO ]  PlugMaster : myhome : Class XMLFormat imported to home
2025-03-03 16:48:51,068 [INFO ]  PlugMaster : myhome : Class YamlFormat imported to home
2025-03-03 16:48:51,068 [WARNI]  MyApp : home : No deserialization this time, --serialization_file not specified
2025-03-03 16:48:51,069 [INFO ]  MyApp : home : Starting up 0 grid
2025-03-03 16:48:51,070 [INFO ]  MyApp : home : Starting up 1 downstairs
2025-03-03 16:48:51,071 [INFO ]  Composite : downstairs : Starting up 0 kitchen
2025-03-03 16:48:51,077 [INFO ]  Composite : kitchen : Starting up 0 oven
2025-03-03 16:48:51,078 [INFO ]  Composite : kitchen : Starting up 1 fridge
2025-03-03 16:48:51,079 [INFO ]  Composite : kitchen : All 2 children successfully started
2025-03-03 16:48:51,080 [INFO ]  Composite : kitchen : Shutting down children
2025-03-03 16:48:51,080 [INFO ]  Composite : kitchen : Shutting down thread 0 oven
2025-03-03 16:48:51,081 [INFO ]  Composite : kitchen : Shutting down thread 1 fridge
2025-03-03 16:48:51,082 [INFO ]  Composite : kitchen : All 2 children successfully shut down
2025-03-03 16:48:51,084 [INFO ]  Composite : downstairs : All 1 children successfully started
2025-03-03 16:48:51,085 [INFO ]  Composite : downstairs : Shutting down children
2025-03-03 16:48:51,085 [INFO ]  Composite : downstairs : Shutting down thread 0 kitchen
2025-03-03 16:48:51,086 [INFO ]  Composite : kitchen : Shutting down children
2025-03-03 16:48:51,087 [INFO ]  Composite : kitchen : Shutting down thread 0 oven
2025-03-03 16:48:51,088 [INFO ]  Composite : kitchen : Shutting down thread 1 fridge
2025-03-03 16:48:51,090 [INFO ]  Composite : kitchen : All 2 children successfully shut down
2025-03-03 16:48:51,094 [INFO ]  Composite : downstairs : All 1 children successfully shut down
2025-03-03 16:48:51,095 [INFO ]  MyApp : home : Starting up 2 garage
2025-03-03 16:48:51,096 [INFO ]  Composite : garage : Starting up 0 EV charger
2025-03-03 16:48:51,097 [INFO ]  Composite : garage : All 1 children successfully started
2025-03-03 16:48:51,098 [INFO ]  Composite : garage : Shutting down children
2025-03-03 16:48:51,099 [INFO ]  Composite : garage : Shutting down thread 0 EV charger
2025-03-03 16:48:51,100 [INFO ]  Composite : garage : All 1 children successfully shut down
2025-03-03 16:48:51,101 [INFO ]  MyApp : home : All 3 children successfully started
2025-03-03 16:48:51,101 [INFO ]  MyApp : home : Shutting down children
2025-03-03 16:48:51,102 [INFO ]  MyApp : home : Shutting down thread 0 grid
2025-03-03 16:48:51,104 [INFO ]  MyApp : home : Shutting down thread 1 downstairs
2025-03-03 16:48:51,106 [INFO ]  Composite : downstairs : Shutting down children
2025-03-03 16:48:51,110 [INFO ]  Composite : downstairs : Shutting down thread 0 kitchen
2025-03-03 16:48:51,111 [INFO ]  Composite : kitchen : Shutting down children
2025-03-03 16:48:51,112 [INFO ]  Composite : kitchen : Shutting down thread 0 oven
2025-03-03 16:48:51,113 [INFO ]  Composite : kitchen : Shutting down thread 1 fridge
2025-03-03 16:48:51,114 [INFO ]  Composite : kitchen : All 2 children successfully shut down
2025-03-03 16:48:51,115 [INFO ]  Composite : downstairs : All 1 children successfully shut down
2025-03-03 16:48:51,116 [INFO ]  MyApp : home : Shutting down thread 2 garage
2025-03-03 16:48:51,116 [INFO ]  Composite : garage : Shutting down children
2025-03-03 16:48:51,117 [INFO ]  Composite : garage : Shutting down thread 0 EV charger
2025-03-03 16:48:51,118 [INFO ]  Composite : garage : All 1 children successfully shut down
2025-03-03 16:48:51,119 [INFO ]  MyApp : home : All 3 children successfully shut down
2025-03-03 16:48:51,134 [WARNI]  MyApp : home : No serialization this time, --serialization_file not set
